# JRE version: Java(TM) SE Runtime Environment (19.0+36) (build 19+36-2238)
# Java VM: Java HotSpot(TM) 64-Bit Server VM (19+36-2238, mixed mode, sharing, tiered, compressed oops, compressed class ptrs, g1 gc, windows-amd64)
GC Precious Log:
 CardTable entry size: 512
 Card Set container configuration: InlinePtr #cards 5 size 8 Array Of Cards #cards 12 size 40 Howl #buckets 4 coarsen threshold 1843 Howl Bitmap #cards 512 size 80 coarsen threshold 460 Card regions per heap region 1 cards per card region 2048
 CPUs: 4 total, 4 available
 Memory: 8084M
 Large Page Support: Disabled
 NUMA Support: Disabled
 Compressed Oops: Enabled (32-bit)
 Heap Region Size: 1M
 Heap Min Capacity: 8M
 Heap Initial Capacity: 128M
 Heap Max Capacity: 2022M
 Pre-touch: Disabled
 Parallel Workers: 4
 Concurrent Workers: 1
 Concurrent Refinement Workers: 4
 Periodic GC: Disabled
Heap:
 garbage-first heap   total 131072K, used 81920K [0x0000000081a00000, 0x0000000100000000)
  region size 1024K, 3 young (3072K), 3 survivors (3072K)
 Metaspace       used 10470K, committed 10880K, reserved 1114112K
  class space    used 1271K, committed 1472K, reserved 1048576K
GC Heap History (11 events):
Event: 0.380 GC heap before
{Heap before GC invocations=0 (full 0):
 garbage-first heap   total 131072K, used 13312K [0x0000000081a00000, 0x0000000100000000)
  region size 1024K, 13 young (13312K), 0 survivors (0K)
 Metaspace       used 2148K, committed 2304K, reserved 1114112K
  class space    used 221K, committed 320K, reserved 1048576K
}
Event: 0.383 GC heap after
{Heap after GC invocations=1 (full 0):
 garbage-first heap   total 131072K, used 1701K [0x0000000081a00000, 0x0000000100000000)
  region size 1024K, 2 young (2048K), 2 survivors (2048K)
 Metaspace       used 2148K, committed 2304K, reserved 1114112K
  class space    used 221K, committed 320K, reserved 1048576K
}
Event: 0.706 GC heap before
{Heap before GC invocations=1 (full 0):
 garbage-first heap   total 131072K, used 19109K [0x0000000081a00000, 0x0000000100000000)
  region size 1024K, 20 young (20480K), 2 survivors (2048K)
 Metaspace       used 8118K, committed 8320K, reserved 1114112K
  class space    used 970K, committed 1088K, reserved 1048576K
}
Event: 0.709 GC heap after
{Heap after GC invocations=2 (full 0):
 garbage-first heap   total 131072K, used 4791K [0x0000000081a00000, 0x0000000100000000)
  region size 1024K, 3 young (3072K), 3 survivors (3072K)
 Metaspace       used 8118K, committed 8320K, reserved 1114112K
  class space    used 970K, committed 1088K, reserved 1048576K
}
Event: 1.190 GC heap before
{Heap before GC invocations=2 (full 0):
 garbage-first heap   total 131072K, used 79543K [0x0000000081a00000, 0x0000000100000000)
  region size 1024K, 76 young (77824K), 3 survivors (3072K)
 Metaspace       used 10470K, committed 10880K, reserved 1114112K
  class space    used 1271K, committed 1472K, reserved 1048576K
}
Event: 1.213 GC heap after
{Heap after GC invocations=3 (full 0):
 garbage-first heap   total 131072K, used 39654K [0x0000000081a00000, 0x0000000100000000)
  region size 1024K, 10 young (10240K), 10 survivors (10240K)
 Metaspace       used 10470K, committed 10880K, reserved 1114112K
  class space    used 1271K, committed 1472K, reserved 1048576K
}
Event: 1.248 GC heap before
{Heap before GC invocations=3 (full 0):
 garbage-first heap   total 131072K, used 67302K [0x0000000081a00000, 0x0000000100000000)
  region size 1024K, 37 young (37888K), 10 survivors (10240K)
 Metaspace       used 10470K, committed 10880K, reserved 1114112K
  class space    used 1271K, committed 1472K, reserved 1048576K
}
Event: 1.261 GC heap after
{Heap after GC invocations=4 (full 0):
 garbage-first heap   total 131072K, used 55296K [0x0000000081a00000, 0x0000000100000000)
  region size 1024K, 5 young (5120K), 5 survivors (5120K)
 Metaspace       used 10470K, committed 10880K, reserved 1114112K
  class space    used 1271K, committed 1472K, reserved 1048576K
}
Event: 1.294 GC heap before
{Heap before GC invocations=4 (full 0):
 garbage-first heap   total 131072K, used 81920K [0x0000000081a00000, 0x0000000100000000)
  region size 1024K, 30 young (30720K), 5 survivors (5120K)
 Metaspace       used 10470K, committed 10880K, reserved 1114112K
  class space    used 1271K, committed 1472K, reserved 1048576K
}
Event: 1.303 GC heap after
{Heap after GC invocations=5 (full 0):
 garbage-first heap   total 131072K, used 70656K [0x0000000081a00000, 0x0000000100000000)
  region size 1024K, 4 young (4096K), 4 survivors (4096K)
 Metaspace       used 10470K, committed 10880K, reserved 1114112K
  class space    used 1271K, committed 1472K, reserved 1048576K
}
Event: 1.329 GC heap before
{Heap before GC invocations=5 (full 0):
 garbage-first heap   total 131072K, used 91136K [0x0000000081a00000, 0x0000000100000000)
  region size 1024K, 24 young (24576K), 4 survivors (4096K)
 Metaspace       used 10470K, committed 10880K, reserved 1114112K
  class space    used 1271K, committed 1472K, reserved 1048576K
}

